Using pre-set license
Built from '2020.3/release' branch; Version is '2020.3.15f2 (6cf78cb77498) revision 7141260'; Using compiler version '192528614'; Build Type 'Release'
OS: 'Windows 10 Pro; OS build 19043.1165; Version 2009; 64bit' Language: 'de' Physical Memory: 16204 MB
BatchMode: 1, IsHumanControllingUs: 0, StartBugReporterOnCrash: 0, Is64bit: 1, IsPro: 0

 COMMAND LINE ARGUMENTS:
D:\Programme\Unity\2020.3.15f2\Editor\Unity.exe
-adb2
-batchMode
-noUpm
-name
AssetImportWorker0
-projectPath
D:/Brackeys gamejam/repository/Brackeys-GameJam-2021/Brackeys GameJam 2021
-logFile
Logs/AssetImportWorker0.log
-srvPort
53441
Successfully changed project path to: D:/Brackeys gamejam/repository/Brackeys-GameJam-2021/Brackeys GameJam 2021
D:/Brackeys gamejam/repository/Brackeys-GameJam-2021/Brackeys GameJam 2021
Using Asset Import Pipeline V2.
Refreshing native plugins compatible for Editor in 110.51 ms, found 8 plugins.
Preloading 0 native plugins for Editor in 0.00 ms.
Initialize engine version: 2020.3.15f2 (6cf78cb77498)
[Subsystems] Discovering subsystems at path D:/Programme/Unity/2020.3.15f2/Editor/Data/Resources/UnitySubsystems
[Subsystems] Discovering subsystems at path D:/Brackeys gamejam/repository/Brackeys-GameJam-2021/Brackeys GameJam 2021/Assets
GfxDevice: creating device client; threaded=0
Direct3D:
    Version:  Direct3D 11.0 [level 11.1]
    Renderer: NVIDIA GeForce GTX 1060 (ID=0x1c20)
    Vendor:   
    VRAM:     6052 MB
    Driver:   27.21.14.6230
Shader 'Universal Render Pipeline/Particles/Lit': fallback shader 'Universal Render Pipeline/Particles/SimpleLit' not found
Initialize mono
Mono path[0] = 'D:/Programme/Unity/2020.3.15f2/Editor/Data/Managed'
Mono path[1] = 'D:/Programme/Unity/2020.3.15f2/Editor/Data/MonoBleedingEdge/lib/mono/unityjit'
Mono config path = 'D:/Programme/Unity/2020.3.15f2/Editor/Data/MonoBleedingEdge/etc'
Using monoOptions --debugger-agent=transport=dt_socket,embedding=1,server=y,suspend=n,address=127.0.0.1:56160
Begin MonoManager ReloadAssembly
Registering precompiled unity dll's ...
Register platform support module: D:/Programme/Unity/2020.3.15f2/Editor/Data/PlaybackEngines/WebGLSupport/UnityEditor.WebGL.Extensions.dll
Register platform support module: D:/Programme/Unity/2020.3.15f2/Editor/Data/PlaybackEngines/WindowsStandaloneSupport/UnityEditor.WindowsStandalone.Extensions.dll
Registered in 0.001266 seconds.
Native extension for WindowsStandalone target not found
Native extension for WebGL target not found
Refreshing native plugins compatible for Editor in 100.59 ms, found 8 plugins.
Preloading 0 native plugins for Editor in 0.00 ms.
Mono: successfully reloaded assembly
- Completed reload, in  1.244 seconds
Domain Reload Profiling:
	ReloadAssembly (1245ms)
		BeginReloadAssembly (52ms)
			ExecutionOrderSort (0ms)
			DisableScriptedObjects (0ms)
			BackupInstance (0ms)
			ReleaseScriptingObjects (0ms)
			CreateAndSetChildDomain (1ms)
		EndReloadAssembly (573ms)
			LoadAssemblies (52ms)
			RebuildTransferFunctionScriptingTraits (0ms)
			SetupTypeCache (175ms)
			ReleaseScriptCaches (0ms)
			RebuildScriptCaches (30ms)
			SetupLoadedEditorAssemblies (286ms)
				LogAssemblyErrors (0ms)
				InitializePlatformSupportModulesInManaged (6ms)
				SetLoadedEditorAssemblies (0ms)
				RefreshPlugins (101ms)
				BeforeProcessingInitializeOnLoad (17ms)
				ProcessInitializeOnLoadAttributes (104ms)
				ProcessInitializeOnLoadMethodAttributes (58ms)
				AfterProcessingInitializeOnLoad (0ms)
				EditorAssembliesLoaded (0ms)
			ExecutionOrderSort2 (0ms)
			AwakeInstancesAfterBackupRestoration (0ms)
Platform modules already initialized, skipping
Registering precompiled user dll's ...
Registered in 0.013448 seconds.
Begin MonoManager ReloadAssembly
Native extension for WindowsStandalone target not found
Native extension for WebGL target not found
Refreshing native plugins compatible for Editor in 90.77 ms, found 8 plugins.
Preloading 0 native plugins for Editor in 0.00 ms.
Mono: successfully reloaded assembly
- Completed reload, in  1.560 seconds
Domain Reload Profiling:
	ReloadAssembly (1561ms)
		BeginReloadAssembly (180ms)
			ExecutionOrderSort (0ms)
			DisableScriptedObjects (5ms)
			BackupInstance (0ms)
			ReleaseScriptingObjects (0ms)
			CreateAndSetChildDomain (22ms)
		EndReloadAssembly (1326ms)
			LoadAssemblies (168ms)
			RebuildTransferFunctionScriptingTraits (0ms)
			SetupTypeCache (362ms)
			ReleaseScriptCaches (1ms)
			RebuildScriptCaches (67ms)
			SetupLoadedEditorAssemblies (605ms)
				LogAssemblyErrors (0ms)
				InitializePlatformSupportModulesInManaged (6ms)
				SetLoadedEditorAssemblies (0ms)
				RefreshPlugins (91ms)
				BeforeProcessingInitializeOnLoad (98ms)
				ProcessInitializeOnLoadAttributes (368ms)
				ProcessInitializeOnLoadMethodAttributes (39ms)
				AfterProcessingInitializeOnLoad (2ms)
				EditorAssembliesLoaded (0ms)
			ExecutionOrderSort2 (0ms)
			AwakeInstancesAfterBackupRestoration (7ms)
Platform modules already initialized, skipping
========================================================================
Worker process is ready to serve import requests
Shader 'Universal Render Pipeline/Particles/Lit': fallback shader 'Universal Render Pipeline/Particles/SimpleLit' not found
Launched and connected shader compiler UnityShaderCompiler.exe after 0.10 seconds
Refreshing native plugins compatible for Editor in 1.21 ms, found 8 plugins.
Preloading 0 native plugins for Editor in 0.00 ms.
Unloading 3868 Unused Serialized files (Serialized files now loaded: 0)
System memory in use before: 167.6 MB.
System memory in use after: 167.9 MB.

Unloading 95 unused Assets to reduce memory usage. Loaded Objects now: 4247.
Total: 3.202900 ms (FindLiveObjects: 0.358200 ms CreateObjectMapping: 0.181400 ms MarkObjects: 2.572100 ms  DeleteObjects: 0.089900 ms)

AssetImportParameters requested are different than current active one (requested -> active):
  custom:framework-win-MediaFoundation: 216162199b28c13a410421893ffa2e32 -> 
  custom:video-decoder-ogg-theora: a1e56fd34408186e4bbccfd4996cb3dc -> 
  custom:container-muxer-webm: aa71ff27fc2769a1b78a27578f13a17b -> 
  custom:container-demuxer-webm: 4f35f7cbe854078d1ac9338744f61a02 -> 
  custom:container-demuxer-ogg: 62fdf1f143b41e24485cea50d1cbac27 -> 
  custom:video-encoder-webm-vp8: eb34c28f22e8b96e1ab97ce403110664 -> 
  custom:video-decoder-webm-vp8: 9c59270c3fd7afecdb556c50c9e8de78 -> 
  custom:audio-decoder-ogg-vorbis: bf7c407c2cedff20999df2af8eb42d56 -> 
  custom:audio-encoder-webm-vorbis: bf7c407c2cedff20999df2af8eb42d56 -> 
========================================================================
Received Import Request.
  path: Assets/Art assets/Sprites/Floor Palette.prefab
  artifactKey: Guid(6647fd313d3b40240bcf70b8e5b3d6d9) Importer(815301076,1909f56bfc062723c751e8b465ee728b)
Start importing Assets/Art assets/Sprites/Floor Palette.prefab using Guid(6647fd313d3b40240bcf70b8e5b3d6d9) Importer(815301076,1909f56bfc062723c751e8b465ee728b)  -> (artifact id: 'c83d2ad5061baf79734061972b17d5f3') in 0.519321 seconds 
  Import took 0.587636 seconds .

========================================================================
Received Import Request.
  Time since last request: 0.000465 seconds.
  path: Assets/Art assets/Sprites/floor tile 2.asset
  artifactKey: Guid(6fc3f2f2c731c5e4694dc7e874c90591) Importer(815301076,1909f56bfc062723c751e8b465ee728b)
Start importing Assets/Art assets/Sprites/floor tile 2.asset using Guid(6fc3f2f2c731c5e4694dc7e874c90591) Importer(815301076,1909f56bfc062723c751e8b465ee728b)  -> (artifact id: '4435b8d23b4f13b35167e9e0b63bb40c') in 0.047312 seconds 
  Import took 0.055209 seconds .

========================================================================
Received Import Request.
  Time since last request: 0.000431 seconds.
  path: Assets/Art assets/Sprites/asset export 2.png
  artifactKey: Guid(3ff2f0011a691c146983ec95a44aac48) Importer(815301076,1909f56bfc062723c751e8b465ee728b)
Start importing Assets/Art assets/Sprites/asset export 2.png using Guid(3ff2f0011a691c146983ec95a44aac48) Importer(815301076,1909f56bfc062723c751e8b465ee728b)  -> (artifact id: '5d1d74aad9a871de9674bd1dd442a924') in 0.273382 seconds 
  Import took 0.304411 seconds .

========================================================================
Received Import Request.
  Time since last request: 0.000315 seconds.
  path: Assets/Art assets/Sprites/floor tile 1.asset
  artifactKey: Guid(4d817a7b2193ab042afd8de5bf5c86c1) Importer(815301076,1909f56bfc062723c751e8b465ee728b)
Start importing Assets/Art assets/Sprites/floor tile 1.asset using Guid(4d817a7b2193ab042afd8de5bf5c86c1) Importer(815301076,1909f56bfc062723c751e8b465ee728b)  -> (artifact id: '9b675aa0f8f299843d6ef32b1be19256') in 0.007308 seconds 
  Import took 0.120435 seconds .

========================================================================
Received Import Request.
  Time since last request: 0.007060 seconds.
  path: Assets/Art assets/Sprites/floor tile 1.asset
  artifactKey: Guid(4d817a7b2193ab042afd8de5bf5c86c1) Importer(815301076,1909f56bfc062723c751e8b465ee728b)
Start importing Assets/Art assets/Sprites/floor tile 1.asset using Guid(4d817a7b2193ab042afd8de5bf5c86c1) Importer(815301076,1909f56bfc062723c751e8b465ee728b)  -> (artifact id: '9b675aa0f8f299843d6ef32b1be19256') in 0.010245 seconds 
  Import took 0.017149 seconds .

========================================================================
Received Import Request.
  Time since last request: 483.335446 seconds.
  path: Assets/Art assets/Animations
  artifactKey: Guid(08e9fd40f60e70f4ea9d7669748edb20) Importer(815301076,1909f56bfc062723c751e8b465ee728b)
Start importing Assets/Art assets/Animations using Guid(08e9fd40f60e70f4ea9d7669748edb20) Importer(815301076,1909f56bfc062723c751e8b465ee728b)  -> (artifact id: '615221b1da0ecbda1ee1f2bffa3028f1') in 0.002055 seconds 
  Import took 0.033775 seconds .

========================================================================
Received Import Request.
  Time since last request: 0.128590 seconds.
  path: Assets/Art assets/Animations
  artifactKey: Guid(08e9fd40f60e70f4ea9d7669748edb20) Importer(815301076,1909f56bfc062723c751e8b465ee728b)
Start importing Assets/Art assets/Animations using Guid(08e9fd40f60e70f4ea9d7669748edb20) Importer(815301076,1909f56bfc062723c751e8b465ee728b)  -> (artifact id: '615221b1da0ecbda1ee1f2bffa3028f1') in 0.003192 seconds 
  Import took 0.017926 seconds .

========================================================================
Received Import Request.
  Time since last request: 22.373961 seconds.
  path: Assets/Art assets/Sprites/kid sprite back.png
  artifactKey: Guid(78adcea3565e37c4db5af17687207891) Importer(815301076,1909f56bfc062723c751e8b465ee728b)
Start importing Assets/Art assets/Sprites/kid sprite back.png using Guid(78adcea3565e37c4db5af17687207891) Importer(815301076,1909f56bfc062723c751e8b465ee728b)  -> (artifact id: '1d2e6de924f0bc0c84a3cc63908ee38e') in 0.042430 seconds 
  Import took 0.049410 seconds .

========================================================================
Received Import Request.
  Time since last request: 0.000338 seconds.
  path: Assets/Art assets/Sprites/kid sprite side.png
  artifactKey: Guid(d1e17d0283881864d805c85b10479fff) Importer(815301076,1909f56bfc062723c751e8b465ee728b)
Start importing Assets/Art assets/Sprites/kid sprite side.png using Guid(d1e17d0283881864d805c85b10479fff) Importer(815301076,1909f56bfc062723c751e8b465ee728b)  -> (artifact id: '5e4dbe2bcfa51d9498ce94f415248249') in 0.014089 seconds 
  Import took 0.900051 seconds .

========================================================================
Received Import Request.
  Time since last request: 0.000820 seconds.
  path: Assets/Art assets/Sprites/kid sprite front.png
  artifactKey: Guid(e062e65243b19704a9da2f00ff3575b6) Importer(815301076,1909f56bfc062723c751e8b465ee728b)
Start importing Assets/Art assets/Sprites/kid sprite front.png using Guid(e062e65243b19704a9da2f00ff3575b6) Importer(815301076,1909f56bfc062723c751e8b465ee728b)  -> (artifact id: 'b5385c48a9142727e0389fb05e1b47ea') in 0.038074 seconds 
  Import took 0.095927 seconds .

========================================================================
Received Import Request.
  Time since last request: 13.063970 seconds.
  path: Assets/Art assets/Sprites/kid sprite back.png
  artifactKey: Guid(78adcea3565e37c4db5af17687207891) Importer(815301076,1909f56bfc062723c751e8b465ee728b)
Start importing Assets/Art assets/Sprites/kid sprite back.png using Guid(78adcea3565e37c4db5af17687207891) Importer(815301076,1909f56bfc062723c751e8b465ee728b)  -> (artifact id: 'a694661a2a9ff65e03bc17eae096fc72') in 0.018509 seconds 
  Import took 0.025431 seconds .

========================================================================
Received Import Request.
  Time since last request: 5.775529 seconds.
  path: Assets/Art assets/Sprites/kid sprite front.png
  artifactKey: Guid(e062e65243b19704a9da2f00ff3575b6) Importer(815301076,1909f56bfc062723c751e8b465ee728b)
Start importing Assets/Art assets/Sprites/kid sprite front.png using Guid(e062e65243b19704a9da2f00ff3575b6) Importer(815301076,1909f56bfc062723c751e8b465ee728b)  -> (artifact id: '18f00050dc91289e419d92459041634a') in 0.021254 seconds 
  Import took 0.030980 seconds .

========================================================================
Received Import Request.
  Time since last request: 4.280246 seconds.
  path: Assets/Art assets/Sprites/kid sprite side.png
  artifactKey: Guid(d1e17d0283881864d805c85b10479fff) Importer(815301076,1909f56bfc062723c751e8b465ee728b)
Start importing Assets/Art assets/Sprites/kid sprite side.png using Guid(d1e17d0283881864d805c85b10479fff) Importer(815301076,1909f56bfc062723c751e8b465ee728b)  -> (artifact id: 'ec88da22d4ad88fa9bd79c8bca0d4638') in 0.016412 seconds 
  Import took 0.023331 seconds .

========================================================================
Received Import Request.
  Time since last request: 39.532353 seconds.
  path: Assets/Art assets/Sprites/kid sprite back.png
  artifactKey: Guid(78adcea3565e37c4db5af17687207891) Importer(815301076,1909f56bfc062723c751e8b465ee728b)
Start importing Assets/Art assets/Sprites/kid sprite back.png using Guid(78adcea3565e37c4db5af17687207891) Importer(815301076,1909f56bfc062723c751e8b465ee728b)  -> (artifact id: 'e6b109e066e124668a9096e659dfdd11') in 0.069296 seconds 
  Import took 0.078709 seconds .

========================================================================
Received Import Request.
  Time since last request: 14.001482 seconds.
  path: Assets/Art assets/Sprites/kid sprite front.png
  artifactKey: Guid(e062e65243b19704a9da2f00ff3575b6) Importer(815301076,1909f56bfc062723c751e8b465ee728b)
Start importing Assets/Art assets/Sprites/kid sprite front.png using Guid(e062e65243b19704a9da2f00ff3575b6) Importer(815301076,1909f56bfc062723c751e8b465ee728b)  -> (artifact id: '2db7294ae716e45b08d74817567cce74') in 0.068575 seconds 
  Import took 0.121628 seconds .

========================================================================
Received Import Request.
  Time since last request: 17.325225 seconds.
  path: Assets/Art assets/Sprites/kid sprite side.png
  artifactKey: Guid(d1e17d0283881864d805c85b10479fff) Importer(815301076,1909f56bfc062723c751e8b465ee728b)
Start importing Assets/Art assets/Sprites/kid sprite side.png using Guid(d1e17d0283881864d805c85b10479fff) Importer(815301076,1909f56bfc062723c751e8b465ee728b)  -> (artifact id: '506651b86882c9f1f61b712d8215d763') in 0.043361 seconds 
  Import took 0.361755 seconds .

========================================================================
Received Prepare
Registering precompiled user dll's ...
Registered in 0.006673 seconds.
Begin MonoManager ReloadAssembly
Native extension for WindowsStandalone target not found
Native extension for WebGL target not found
Refreshing native plugins compatible for Editor in 2.19 ms, found 8 plugins.
Preloading 0 native plugins for Editor in 0.00 ms.
Mono: successfully reloaded assembly
- Completed reload, in  1.960 seconds
Domain Reload Profiling:
	ReloadAssembly (1961ms)
		BeginReloadAssembly (217ms)
			ExecutionOrderSort (0ms)
			DisableScriptedObjects (8ms)
			BackupInstance (0ms)
			ReleaseScriptingObjects (0ms)
			CreateAndSetChildDomain (76ms)
		EndReloadAssembly (1691ms)
			LoadAssemblies (140ms)
			RebuildTransferFunctionScriptingTraits (0ms)
			SetupTypeCache (604ms)
			ReleaseScriptCaches (2ms)
			RebuildScriptCaches (54ms)
			SetupLoadedEditorAssemblies (673ms)
				LogAssemblyErrors (0ms)
				InitializePlatformSupportModulesInManaged (9ms)
				SetLoadedEditorAssemblies (1ms)
				RefreshPlugins (2ms)
				BeforeProcessingInitializeOnLoad (118ms)
				ProcessInitializeOnLoadAttributes (533ms)
				ProcessInitializeOnLoadMethodAttributes (7ms)
				AfterProcessingInitializeOnLoad (2ms)
				EditorAssembliesLoaded (0ms)
			ExecutionOrderSort2 (0ms)
			AwakeInstancesAfterBackupRestoration (19ms)
Platform modules already initialized, skipping
Shader 'Universal Render Pipeline/Particles/Lit': fallback shader 'Universal Render Pipeline/Particles/SimpleLit' not found
Refreshing native plugins compatible for Editor in 1.29 ms, found 8 plugins.
Preloading 0 native plugins for Editor in 0.00 ms.
Unloading 3713 Unused Serialized files (Serialized files now loaded: 0)
System memory in use before: 161.5 MB.
System memory in use after: 161.7 MB.

Unloading 83 unused Assets to reduce memory usage. Loaded Objects now: 4354.
Total: 3.536600 ms (FindLiveObjects: 0.365900 ms CreateObjectMapping: 0.151200 ms MarkObjects: 2.977100 ms  DeleteObjects: 0.041400 ms)

AssetImportParameters requested are different than current active one (requested -> active):
  custom:framework-win-MediaFoundation: 216162199b28c13a410421893ffa2e32 -> 
  custom:video-decoder-ogg-theora: a1e56fd34408186e4bbccfd4996cb3dc -> 
  custom:container-muxer-webm: aa71ff27fc2769a1b78a27578f13a17b -> 
  custom:container-demuxer-webm: 4f35f7cbe854078d1ac9338744f61a02 -> 
  custom:container-demuxer-ogg: 62fdf1f143b41e24485cea50d1cbac27 -> 
  custom:video-encoder-webm-vp8: eb34c28f22e8b96e1ab97ce403110664 -> 
  custom:video-decoder-webm-vp8: 9c59270c3fd7afecdb556c50c9e8de78 -> 
  custom:audio-decoder-ogg-vorbis: bf7c407c2cedff20999df2af8eb42d56 -> 
  custom:audio-encoder-webm-vorbis: bf7c407c2cedff20999df2af8eb42d56 -> 
AssetImportWorkerClient::OnTransportError - code=2 error=End of file
