[LOG] System::create                           : Header version = 2.01.11. Current version = 2.01.11.
[LOG] Manager::init                            : maxchannels = 256 studioflags = 00000006 flags 00000000 extradriverdata 0000000000000000.
[LOG] SystemI::init                            : Initialize version=20111 (118066), maxchannels=256, flags=0x00020000
[LOG] SystemI::setOutputInternal               : Setting output to 'FMOD WASAPI Output'
[LOG] OutputWASAPI::init                       : Mix Format (WAVEFORMATEX): wFormatTag=0xFFFE, nChannels=2, nSamplesPerSec=48000, nAvgBytesPerSec=384000, nBlockAlign=8, wBitsPerSample=32, cbSize=22.
[LOG] OutputWASAPI::init                       : Mix Format (WAVEFORMATEXTENSIBLE): wValidBitsPerSample=32, dwChannelMask=0x00000003, SubFormat=00000003-0000-0010-8000-00AA00389B71.
[LOG] OutputWASAPI::init                       : Output buffer size: 4096 samples, latency: 0.00ms, period: 10.00ms, DSP buffer: 1024 * 4
[LOG] Thread::initThread                       : Init FMOD stream thread. Affinity: 0x8000000000000003, Priority: 0xFFFF7FFB, Stack Size: 98304, Semaphore: No, Sleep Time: 10, Looping: Yes.
[LOG] Thread::initThread                       : Init FMOD mixer thread. Affinity: 0x8000000000000001, Priority: 0xFFFF7FFA, Stack Size: 81920, Semaphore: No, Sleep Time: 0, Looping: Yes.
[LOG] AsyncManager::init                       : manager 0000029A0D02EE18 isAsync 0 updatePeriod 0.02
[LOG] AsyncManager::init                       : done
[LOG] PlaybackSystem::init                     : 
[LOG] Thread::initThread                       : Init FMOD Studio sample load thread. Affinity: 0x8000000000000003, Priority: 0xFFFF7FFD, Stack Size: 98304, Semaphore: No, Sleep Time: 1, Looping: No.
[LOG] PlaybackSystem::init                     : done
[LOG] Thread::initThread                       : Init FMOD Studio bank load thread. Affinity: 0x8000000000000003, Priority: 0xFFFF7FFD, Stack Size: 98304, Semaphore: No, Sleep Time: 1, Looping: No.
[LOG] Manager::init                            : done.
[LOG] Manager::readBank                        : fileversion = 135, compatVersion = 132 (oldest = 44, newest = 135)
[LOG] Manager::readBank                        : fileversion = 135, compatVersion = 132 (oldest = 44, newest = 135)
[LOG] Manager::readBank                        : fileversion = 135, compatVersion = 132 (oldest = 44, newest = 135)
[LOG] PlaybackSystem::acquireMasterBus         : Setting master channel group format to 6
[LOG] Manager::readBank                        : fileversion = 135, compatVersion = 132 (oldest = 44, newest = 135)
[LOG] Manager::readBank                        : fileversion = 135, compatVersion = 132 (oldest = 44, newest = 135)
[LOG] Manager::readBank                        : fileversion = 135, compatVersion = 132 (oldest = 44, newest = 135)
[LOG] PlaybackSystem::acquireMasterBus         : Setting master channel group format to 6
[LOG] AsyncThread::threadFunc                  : Starting Asynchronous operation on sound 0000029AB7D71188
[LOG] AsyncThread::threadFunc                  : Finished Asynchronous operation on sound 0000029AB7D71188
[LOG] SoundI::release                          :  (0000029A1C71F298)
[LOG] SoundI::release                          :     announcement_226-210828_1527-glued-01 (0000029A0FC28EF8)
[LOG] SoundI::release                          :  (0000029A1C71F128)
[LOG] SoundI::release                          :     announcement_226-210828_1527-glued-08 (0000029A0FC28D58)
[LOG] SoundI::release                          :  (0000029A1C71FCA8)
[LOG] SoundI::release                          :     announcement_226-210828_1527-glued-06 (0000029A0FC28BB8)
[LOG] SoundI::release                          :  (00000299CB854278)
[LOG] SoundI::release                          :     announcement_226-210828_1527-glued (00000298644D2DC8)
[LOG] SoundI::release                          :  (0000029A1C71EFB8)
[LOG] SoundI::release                          :     announcement_226-210828_1527-glued-04 (0000029A0FC28A18)
[LOG] SoundI::release                          :  (00000298637D64B8)
[LOG] SoundI::release                          :     announcement_226-210828_1527-glued-02 (00000298644D2C28)
[LOG] SoundI::release                          :  (0000029A1C71F9C8)
[LOG] SoundI::release                          :     announcement_226-210828_1527-glued-05 (00000298644D2748)
[LOG] SoundI::release                          : Supermarket_BGM_0.1 (0000029A03B7E608)
[LOG] SoundI::release                          :     Supermarket_BGM_0.1 (0000029AB81E2578)
[LOG] SoundI::release                          :     Supermarket_BGM_0.1 (0000029AB7D71188)
[LOG] SoundI::release                          :  (00000299CB8546C8)
[LOG] SoundI::release                          :     customer_announcement (00000298644D2268)
[LOG] SoundI::release                          :  (00000298637D5EF8)
[LOG] SoundI::release                          :     announcement_226-210828_1527-glued-07 (00000298644D2408)
[LOG] SoundI::release                          :  (00000299CB854558)
[LOG] SoundI::release                          :     announcement_226-210828_1527-glued-10 (00000298644D20C8)
[LOG] SoundI::release                          :  (0000029A1C71FB38)
[LOG] SoundI::release                          :     announcement_226-210828_1527-glued-03 (0000029A0FC29098)
[LOG] SoundI::release                          :  (0000029A1C71F578)
[LOG] SoundI::release                          :     announcement_226-210828_1527-glued-09 (0000029A0FC293D8)
[LOG] Thread::callback                         : FMOD Studio update thread finished.
[LOG] Thread::callback                         : FMOD Studio bank load thread finished.
[LOG] Profile::disconnectAll                   : Profiler disconnecting all clients
[LOG] Thread::callback                         : FMOD Studio sample load thread finished.
[LOG] LiveUpdate::release                      : 
[LOG] LiveUpdate::reset                        : Reset connection (reason Disconnected)
[LOG] Thread::callback                         : FMOD stream thread finished.
[LOG] Thread::callback                         : FMOD mixer thread finished.
[LOG] Profile::disconnectAll                   : Profiler disconnecting all clients
[LOG] SystemI::close                           : Closed.
